2019-05-21 00:59:39 FATAL Main:32 - sss
2019-05-22 02:59:24 TRACE Catalog:149 - Catalog window was initialized
2019-05-22 03:11:46 TRACE Catalog:149 - Catalog window was initialized
2019-05-22 03:12:04 TRACE Catalog:149 - Catalog window was initialized
2019-05-22 03:13:40 FATAL Main:37 - mainWindow.fxml was not found
2019-05-22 03:14:13 TRACE Catalog:149 - Catalog window was initialized
2019-05-22 03:53:33 TRACE Catalog:150 - Main window was initialized
2019-05-22 03:53:33 INFO  Catalog:251 - Admin mode deactivated
2019-05-22 03:53:33 TRACE Catalog:190 - Default columns was initialized
2019-05-22 03:53:44 TRACE Catalog:150 - Main window was initialized
2019-05-22 03:53:44 INFO  Catalog:240 - Admin mode activated
2019-05-22 03:53:44 TRACE Catalog:190 - Default columns was initialized
2019-05-22 03:53:48 DEBUG GoodCreator:81 - catalogItems.json was overwritten
2019-05-22 03:53:50 TRACE Catalog:150 - Main window was initialized
2019-05-22 03:53:50 INFO  Catalog:240 - Admin mode activated
2019-05-22 03:53:50 TRACE Catalog:190 - Default columns was initialized
2019-05-22 03:54:49 INFO  Catalog:277 - Good was removed
2019-05-22 04:24:09 TRACE Catalog:150 - Main window was initialized
2019-05-22 04:24:09 INFO  Catalog:251 - Admin mode deactivated
2019-05-22 04:24:09 TRACE Catalog:190 - Default columns was initialized
2019-05-22 04:24:17 TRACE Catalog:150 - Main window was initialized
2019-05-22 04:24:17 INFO  Catalog:240 - Admin mode activated
2019-05-22 04:24:17 TRACE Catalog:190 - Default columns was initialized
2019-05-22 04:26:05 DEBUG GoodCreator:81 - catalogItems.json was overwritten
2019-05-22 04:26:09 TRACE Catalog:150 - Main window was initialized
2019-05-22 04:26:09 INFO  Catalog:240 - Admin mode activated
2019-05-22 04:26:09 TRACE Catalog:190 - Default columns was initialized
2019-05-22 04:26:21 INFO  Catalog:277 - Good was removed
2019-05-22 04:26:47 TRACE Catalog:150 - Main window was initialized
2019-05-22 04:26:47 INFO  Catalog:251 - Admin mode deactivated
2019-05-22 04:26:47 TRACE Catalog:190 - Default columns was initialized
2019-05-22 04:26:55 TRACE Catalog:150 - Main window was initialized
2019-05-22 04:26:55 INFO  Catalog:240 - Admin mode activated
2019-05-22 04:26:55 TRACE Catalog:190 - Default columns was initialized
2019-05-22 04:26:59 DEBUG GoodCreator:81 - catalogItems.json was overwritten
2019-05-22 04:27:01 TRACE Catalog:150 - Main window was initialized
2019-05-22 04:27:01 INFO  Catalog:240 - Admin mode activated
2019-05-22 04:27:01 TRACE Catalog:190 - Default columns was initialized
2019-05-22 04:27:03 INFO  Catalog:277 - Good was removed
2019-05-22 04:27:53 TRACE Catalog:150 - Main window was initialized
2019-05-22 04:27:53 INFO  Catalog:251 - Admin mode deactivated
2019-05-22 04:27:53 TRACE Catalog:190 - Default columns was initialized
2019-05-22 04:28:03 TRACE Catalog:150 - Main window was initialized
2019-05-22 04:28:03 INFO  Catalog:240 - Admin mode activated
2019-05-22 04:28:03 TRACE Catalog:190 - Default columns was initialized
2019-05-22 04:28:06 DEBUG GoodCreator:81 - catalogItems.json was overwritten
2019-05-22 04:28:07 TRACE Catalog:150 - Main window was initialized
2019-05-22 04:28:07 INFO  Catalog:240 - Admin mode activated
2019-05-22 04:28:07 TRACE Catalog:190 - Default columns was initialized
2019-05-22 04:28:31 INFO  Catalog:277 - Good was removed
2019-05-22 04:29:20 TRACE Catalog:150 - Main window was initialized
2019-05-22 04:29:20 INFO  Catalog:251 - Admin mode deactivated
2019-05-22 04:29:20 TRACE Catalog:190 - Default columns was initialized
2019-05-22 04:29:28 TRACE Catalog:150 - Main window was initialized
2019-05-22 04:29:28 INFO  Catalog:240 - Admin mode activated
2019-05-22 04:29:28 TRACE Catalog:190 - Default columns was initialized
2019-05-22 04:29:30 DEBUG GoodCreator:81 - catalogItems.json was overwritten
2019-05-22 04:29:31 TRACE Catalog:150 - Main window was initialized
2019-05-22 04:29:31 INFO  Catalog:240 - Admin mode activated
2019-05-22 04:29:31 TRACE Catalog:190 - Default columns was initialized
2019-05-22 04:29:36 INFO  Catalog:277 - Good was removed
2019-05-22 04:29:58 TRACE Catalog:150 - Main window was initialized
2019-05-22 04:29:58 INFO  Catalog:251 - Admin mode deactivated
2019-05-22 04:29:58 TRACE Catalog:190 - Default columns was initialized
2019-05-22 04:30:04 TRACE Catalog:150 - Main window was initialized
2019-05-22 04:30:04 INFO  Catalog:240 - Admin mode activated
2019-05-22 04:30:04 TRACE Catalog:190 - Default columns was initialized
2019-05-22 04:30:06 DEBUG GoodCreator:81 - catalogItems.json was overwritten
2019-05-22 04:30:07 TRACE Catalog:150 - Main window was initialized
2019-05-22 04:30:07 INFO  Catalog:240 - Admin mode activated
2019-05-22 04:30:07 TRACE Catalog:190 - Default columns was initialized
2019-05-22 04:30:11 INFO  Catalog:277 - Good was removed
2019-05-22 04:30:11 INFO  Catalog:277 - Good was removed
2019-05-22 04:30:12 INFO  Catalog:277 - Good was removed
2019-05-22 04:30:13 INFO  Catalog:277 - Good was removed
2019-05-22 04:30:13 INFO  Catalog:277 - Good was removed
2019-05-22 04:30:14 INFO  Catalog:277 - Good was removed
2019-05-22 04:30:15 INFO  Catalog:277 - Good was removed
2019-05-22 04:30:16 INFO  Catalog:277 - Good was removed
2019-05-22 04:30:17 INFO  Catalog:277 - Good was removed
2019-05-22 04:30:17 INFO  Catalog:277 - Good was removed
2019-05-22 04:30:17 INFO  Catalog:277 - Good was removed
2019-05-22 04:30:17 INFO  Catalog:277 - Good was removed
2019-05-22 04:30:17 INFO  Catalog:277 - Good was removed
2019-05-22 04:30:17 INFO  Catalog:277 - Good was removed
2019-05-22 04:30:18 INFO  Catalog:277 - Good was removed
2019-05-22 04:30:18 INFO  Catalog:277 - Good was removed
2019-05-22 04:30:18 INFO  Catalog:277 - Good was removed
2019-05-22 04:30:18 INFO  Catalog:277 - Good was removed
2019-05-22 04:30:18 INFO  Catalog:277 - Good was removed
2019-05-22 04:30:18 INFO  Catalog:277 - Good was removed
2019-05-22 04:30:19 INFO  Catalog:277 - Good was removed
2019-05-22 04:30:19 INFO  Catalog:277 - Good was removed
2019-05-22 04:30:19 INFO  Catalog:277 - Good was removed
2019-05-22 04:30:19 INFO  Catalog:277 - Good was removed
2019-05-22 04:30:19 INFO  Catalog:277 - Good was removed
2019-05-22 04:30:20 INFO  Catalog:277 - Good was removed
2019-05-22 04:30:21 INFO  Catalog:277 - Good was removed
2019-05-22 04:30:26 INFO  Catalog:277 - Good was removed
2019-05-22 04:30:26 INFO  Catalog:277 - Good was removed
2019-05-22 04:30:27 INFO  Catalog:277 - Good was removed
2019-05-22 04:30:27 INFO  Catalog:277 - Good was removed
2019-05-22 04:30:27 INFO  Catalog:277 - Good was removed
2019-05-22 04:30:28 INFO  Catalog:277 - Good was removed
2019-05-22 04:30:28 INFO  Catalog:277 - Good was removed
2019-05-22 04:32:49 TRACE Catalog:150 - Main window was initialized
2019-05-22 04:32:49 INFO  Catalog:251 - Admin mode deactivated
2019-05-22 04:32:49 TRACE Catalog:190 - Default columns was initialized
2019-05-22 04:36:44 TRACE Catalog:150 - Main window was initialized
2019-05-22 04:36:44 INFO  Catalog:251 - Admin mode deactivated
2019-05-22 04:36:44 TRACE Catalog:190 - Default columns was initialized
2019-05-22 04:36:50 TRACE Catalog:150 - Main window was initialized
2019-05-22 04:36:50 INFO  Catalog:240 - Admin mode activated
2019-05-22 04:36:50 TRACE Catalog:190 - Default columns was initialized
2019-05-22 04:37:03 DEBUG GoodCreator:82 - catalogItems.json was overwritten
2019-05-22 04:37:05 TRACE Catalog:150 - Main window was initialized
2019-05-22 04:37:05 INFO  Catalog:240 - Admin mode activated
2019-05-22 04:37:05 TRACE Catalog:190 - Default columns was initialized
2019-05-22 04:37:09 INFO  Catalog:277 - Good was removed
2019-05-22 04:37:14 INFO  Catalog:277 - Good was removed
2019-05-22 04:37:15 INFO  Catalog:277 - Good was removed
2019-05-22 04:37:15 INFO  Catalog:277 - Good was removed
2019-05-22 04:41:22 TRACE Catalog:150 - Main window was initialized
2019-05-22 04:41:22 INFO  Catalog:251 - Admin mode deactivated
2019-05-22 04:41:22 TRACE Catalog:190 - Default columns was initialized
2019-05-22 04:41:28 TRACE Catalog:150 - Main window was initialized
2019-05-22 04:41:28 INFO  Catalog:240 - Admin mode activated
2019-05-22 04:41:28 TRACE Catalog:190 - Default columns was initialized
2019-05-22 04:41:37 DEBUG GoodCreator:82 - catalogItems.json was overwritten
2019-05-22 04:41:38 DEBUG GoodCreator:82 - catalogItems.json was overwritten
2019-05-22 04:41:39 TRACE Catalog:150 - Main window was initialized
2019-05-22 04:41:39 INFO  Catalog:240 - Admin mode activated
2019-05-22 04:41:39 TRACE Catalog:190 - Default columns was initialized
2019-05-22 04:41:40 INFO  Catalog:276 - Good was removed
2019-05-22 04:41:42 INFO  Catalog:276 - Good was removed
2019-05-22 04:41:44 INFO  Catalog:276 - Good was removed
2019-05-22 04:41:53 DEBUG GoodCreator:82 - catalogItems.json was overwritten
2019-05-22 04:41:54 DEBUG GoodCreator:82 - catalogItems.json was overwritten
2019-05-22 04:41:55 TRACE Catalog:150 - Main window was initialized
2019-05-22 04:41:55 INFO  Catalog:240 - Admin mode activated
2019-05-22 04:41:55 TRACE Catalog:190 - Default columns was initialized
2019-05-22 04:41:57 INFO  Catalog:276 - Good was removed
2019-05-22 04:41:58 INFO  Catalog:276 - Good was removed
2019-05-22 04:41:58 INFO  Catalog:276 - Good was removed
2019-05-22 04:41:58 INFO  Catalog:276 - Good was removed
2019-05-22 04:41:58 INFO  Catalog:276 - Good was removed
2019-05-22 04:41:59 INFO  Catalog:276 - Good was removed
2019-05-22 04:41:59 INFO  Catalog:276 - Good was removed
2019-05-22 04:41:59 INFO  Catalog:276 - Good was removed
2019-05-22 04:42:00 INFO  Catalog:276 - Good was removed
2019-05-22 04:42:00 INFO  Catalog:276 - Good was removed
2019-05-22 04:42:00 INFO  Catalog:276 - Good was removed
2019-05-22 04:42:00 INFO  Catalog:276 - Good was removed
2019-05-22 04:42:06 INFO  Catalog:276 - Good was removed
2019-05-22 05:39:49 TRACE Catalog:150 - Main window was initialized
2019-05-22 05:39:49 INFO  Catalog:251 - Admin mode deactivated
2019-05-22 05:39:49 TRACE Catalog:190 - Default columns was initialized
2019-05-22 05:40:10 TRACE Catalog:150 - Main window was initialized
2019-05-22 05:40:10 INFO  Catalog:240 - Admin mode activated
2019-05-22 05:40:10 TRACE Catalog:190 - Default columns was initialized
2019-05-22 05:40:16 INFO  Catalog:276 - Good was removed
2019-05-22 05:41:58 DEBUG GoodCreator:82 - catalogItems.json was overwritten
2019-05-22 05:42:12 DEBUG GoodCreator:82 - catalogItems.json was overwritten
2019-05-22 05:42:14 TRACE GoodCreator:44 - uniqueField promptText was filled
2019-05-22 05:43:19 DEBUG GoodCreator:82 - catalogItems.json was overwritten
2019-05-22 05:43:21 TRACE Catalog:150 - Main window was initialized
2019-05-22 05:43:21 INFO  Catalog:240 - Admin mode activated
2019-05-22 05:43:21 TRACE Catalog:190 - Default columns was initialized
2019-05-22 05:43:53 TRACE Catalog:150 - Main window was initialized
2019-05-22 05:43:53 INFO  Catalog:251 - Admin mode deactivated
2019-05-22 05:43:54 TRACE Catalog:190 - Default columns was initialized
2019-05-22 05:44:00 TRACE Catalog:150 - Main window was initialized
2019-05-22 05:44:00 INFO  Catalog:240 - Admin mode activated
2019-05-22 05:44:00 TRACE Catalog:190 - Default columns was initialized
2019-05-22 05:44:03 TRACE GoodCreator:45 - uniqueField promptText was filled
